UnitTests.obj : error LNK2005: "void __cdecl get_codes(class std::basic_string<char,struct std::char_traits<char>,class std::allocator<char> >,class std::vector<class std::vector<int,class std::allocator<int> >,class std::allocator<class std::vector<int,class std::allocator<int> > > > *)" (?get_codes@@YAXV?$basic_string@DU?$char_traits@D@std@@V?$allocator@D@2@@std@@PEAV?$vector@V?$vector@HV?$allocator@H@std@@@std@@V?$allocator@V?$vector@HV?$allocator@H@std@@@std@@@2@@2@@Z) already defined in main.obj
UnitTests.obj : error LNK2005: main already defined in main.obj
C:\Users\wynte\Documents\Programs\FileEncrypt\FileEncrypt\x64\Debug\FileEncrypt.exe : fatal error LNK1169: one or more multiply defined symbols found
